<?xml version="1.0" encoding="utf-8"?><testsuites name="pytest tests"><testsuite name="pytest" errors="0" failures="0" skipped="0" tests="17" time="4.960" timestamp="2026-07-06T15:06:17.306520+00:00" hostname="agent-env-44390ce4-9a3b-4a38-9613-4ebaa1627e70"><testcase classname="tests.test_trailbeacon_auth_isolation" name="test_health" time="0.434" /><testcase classname="tests.test_trailbeacon_auth_isolation.TestAuth" name="test_register_sets_cookies_and_returns_user" time="0.325" /><testcase classname="tests.test_trailbeacon_auth_isolation.TestAuth" name="test_register_duplicate_email_400" time="0.100" /><testcase classname="tests.test_trailbeacon_auth_isolation.TestAuth" name="test_login_success_and_wrong_password" time="0.617" /><testcase classname="tests.test_trailbeacon_auth_isolation.TestAuth" name="test_me_with_cookie_and_without" time="0.139" /><testcase classname="tests.test_trailbeacon_auth_isolation.TestAuth" name="test_logout_clears_cookies" time="0.455" /><testcase classname="tests.test_trailbeacon_auth_isolation.TestIsolation" name="test_a_creates_device_and_geofence" time="0.137" /><testcase classname="tests.test_trailbeacon_auth_isolation.TestIsolation" name="test_a_can_post_public_location_and_track_appears" time="0.330" /><testcase classname="tests.test_trailbeacon_auth_isolation.TestIsolation" name="test_b_sees_empty_lists" time="0.497" /><testcase classname="tests.test_trailbeacon_auth_isolation.TestIsolation" name="test_b_cannot_read_a_by_code_or_id" time="0.235" /><testcase classname="tests.test_trailbeacon_auth_isolation.TestIsolation" name="test_b_cannot_update_or_delete_a_device" time="0.124" /><testcase classname="tests.test_trailbeacon_auth_isolation.TestIsolation" name="test_auth_required_on_write_endpoints" time="0.494" /><testcase classname="tests.test_trailbeacon_auth_isolation.TestPublicEndpoints" name="test_public_device_by_code_returns_basic_only" time="0.089" /><testcase classname="tests.test_trailbeacon_auth_isolation.TestPublicEndpoints" name="test_public_invalid_code_404" time="0.101" /><testcase classname="tests.test_trailbeacon_auth_isolation.TestPublicEndpoints" name="test_public_location_post_works_without_auth" time="0.123" /><testcase classname="tests.test_trailbeacon_auth_isolation.TestPublicEndpoints" name="test_public_location_invalid_code_404" time="0.075" /><testcase classname="tests.test_trailbeacon_auth_isolation" name="test_admin_login" time="0.580" /></testsuite></testsuites>